Determining if the pthread_create exist failed with the following output:
Change Dir: /home/team3/team-3/cartographer_ws/protobuf/build/CMakeFiles/CMakeTmp

Run Build Command:"/usr/bin/ninja" "cmTC_79256"
[1/2] Building C object CMakeFiles/cmTC_79256.dir/CheckSymbolExists.c.o
[2/2] Linking C executable cmTC_79256
FAILED: cmTC_79256 
: && /usr/bin/cc   -rdynamic CMakeFiles/cmTC_79256.dir/CheckSymbolExists.c.o  -o cmTC_79256   && :
CMakeFiles/cmTC_79256.dir/CheckSymbolExists.c.o: In function `main':
CheckSymbolExists.c:(.text+0x1b): undefined reference to `pthread_create'
collect2: error: ld returned 1 exit status
ninja: build stopped: subcommand failed.

File /home/team3/team-3/cartographer_ws/protobuf/build/CMakeFiles/CMakeTmp/CheckSymbolExists.c:
/* */
#include <pthread.h>

int main(int argc, char** argv)
{
  (void)argv;
#ifndef pthread_create
  return ((int*)(&pthread_create))[argc];
#else
  (void)argc;
  return 0;
#endif
}

Determining if the function pthread_create exists in the pthreads failed with the following output:
Change Dir: /home/team3/team-3/cartographer_ws/protobuf/build/CMakeFiles/CMakeTmp

Run Build Command:"/usr/bin/ninja" "cmTC_8b59b"
[1/2] Building C object CMakeFiles/cmTC_8b59b.dir/CheckFunctionExists.c.o
[2/2] Linking C executable cmTC_8b59b
FAILED: cmTC_8b59b 
: && /usr/bin/cc -DCHECK_FUNCTION_EXISTS=pthread_create  -rdynamic CMakeFiles/cmTC_8b59b.dir/CheckFunctionExists.c.o  -o cmTC_8b59b  -lpthreads && :
/usr/bin/ld: cannot find -lpthreads
collect2: error: ld returned 1 exit status
ninja: build stopped: subcommand failed.


